
-----
Test: tests/test_create_user.py::TestCreateUser::test_create_user_successfully (call)
Start time: 2023-04-21 02:40:44.223245
Requests method: POST
Requests URL: https://playground.learnqa.ru/api_dev/user/
Requests data: {'password': '123', 'username': 'Alex', 'firstName': 'Alex1', 'lastName': 'Alex2', 'email': 'Learnqa04212023024044@example.com'}
Requests headers: {}
Requests cookies: {}

Response code: 200
Response text: {"id":"68932"}
Response headers: {'Date': 'Thu, 20 Apr 2023 23:40:44 GMT', 'Content-Type': 'application/json', 'Content-Length': '14', 'Connection': 'keep-alive', 'Keep-Alive': 'timeout=10', 'Server': 'Apache', 'Cache-Control': 'max-age=0', 'Expires': 'Thu, 20 Apr 2023 23:40:43 GMT'}Response cookies: {}
-----

-----
Test: tests/test_create_user.py::TestCreateUser::test_create_user_with_existing_email (call)
Start time: 2023-04-21 02:40:44.912215
Requests method: POST
Requests URL: https://playground.learnqa.ru/api_dev/user/
Requests data: {'password': '123', 'username': 'Alex', 'firstName': 'Alex1', 'lastName': 'Alex2', 'email': 'vinkotov@example.com'}
Requests headers: {}
Requests cookies: {}

Response code: 400
Response text: Users with email 'vinkotov@example.com' already exists
Response headers: {'Date': 'Thu, 20 Apr 2023 23:40:45 GMT', 'Content-Type': 'text/html; charset=utf-8', 'Content-Length': '54', 'Connection': 'keep-alive', 'Keep-Alive': 'timeout=10', 'Server': 'Apache'}Response cookies: {}
-----

-----
Test: tests/test_get_user.py::TestGetUser::test_get_user_details_not_auth (call)
Start time: 2023-04-21 02:40:45.592263
Requests method: GET
Requests URL: https://playground.learnqa.ru/api_dev/user/2
Requests data: None
Requests headers: {}
Requests cookies: {}

Response code: 200
Response text: {"username":"Vitaliy"}
Response headers: {'Date': 'Thu, 20 Apr 2023 23:40:45 GMT', 'Content-Type': 'application/json', 'Transfer-Encoding': 'chunked', 'Connection': 'keep-alive', 'Keep-Alive': 'timeout=10', 'Vary': 'Accept-Encoding', 'Server': 'Apache', 'Cache-Control': 'max-age=0', 'Expires': 'Thu, 20 Apr 2023 23:40:45 GMT', 'Content-Encoding': 'gzip'}Response cookies: {}
-----

-----
Test: tests/test_get_user.py::TestGetUser::test_get_user_details_auth_as_same_user (call)
Start time: 2023-04-21 02:40:46.292728
Requests method: POST
Requests URL: https://playground.learnqa.ru/api_dev/user/login
Requests data: {'email': 'vinkotov@example.com', 'password': '1234'}
Requests headers: {}
Requests cookies: {}

Response code: 200
Response text: {"user_id":2}
Response headers: {'Date': 'Thu, 20 Apr 2023 23:40:46 GMT', 'Content-Type': 'application/json', 'Content-Length': '13', 'Connection': 'keep-alive', 'Keep-Alive': 'timeout=10', 'Server': 'Apache', 'Set-Cookie': 'auth_sid=6e5293ae2b63e7379a48121a9785e8b102e94918f1549272bcf2cafc2634fd9d', 'x-csrf-token': 'a4f7e4c2b994ef8b5d4ab4ccefbfafebf38623bd02e94918f1549272bcf2cafc2634fd9d', 'Cache-Control': 'max-age=0', 'Expires': 'Thu, 20 Apr 2023 23:40:46 GMT'}Response cookies: {'auth_sid': '6e5293ae2b63e7379a48121a9785e8b102e94918f1549272bcf2cafc2634fd9d'}
-----

-----
Test: tests/test_get_user.py::TestGetUser::test_get_user_details_auth_as_same_user (call)
Start time: 2023-04-21 02:40:46.601746
Requests method: GET
Requests URL: https://playground.learnqa.ru/api_dev/user/2
Requests data: None
Requests headers: {'x-csrf-token': 'a4f7e4c2b994ef8b5d4ab4ccefbfafebf38623bd02e94918f1549272bcf2cafc2634fd9d'}
Requests cookies: {'auth_sid': '6e5293ae2b63e7379a48121a9785e8b102e94918f1549272bcf2cafc2634fd9d'}

Response code: 200
Response text: {"id":"2","username":"Vitaliy","email":"vinkotov@example.com","firstName":"Vitalii","lastName":"Kotov"}
Response headers: {'Date': 'Thu, 20 Apr 2023 23:40:46 GMT', 'Content-Type': 'application/json', 'Transfer-Encoding': 'chunked', 'Connection': 'keep-alive', 'Keep-Alive': 'timeout=10', 'Vary': 'Accept-Encoding', 'Server': 'Apache', 'Cache-Control': 'max-age=0', 'Expires': 'Thu, 20 Apr 2023 23:40:46 GMT', 'Content-Encoding': 'gzip'}Response cookies: {}
-----

-----
Test: tests/test_user_auth.py::TestUserAuth::test_auth_user (setup)
Start time: 2023-04-21 02:40:47.258603
Requests method: POST
Requests URL: https://playground.learnqa.ru/api_dev/user/login
Requests data: {'email': 'vinkotov@example.com', 'password': '1234'}
Requests headers: {}
Requests cookies: {}

Response code: 200
Response text: {"user_id":2}
Response headers: {'Date': 'Thu, 20 Apr 2023 23:40:46 GMT', 'Content-Type': 'application/json', 'Content-Length': '13', 'Connection': 'keep-alive', 'Keep-Alive': 'timeout=10', 'Server': 'Apache', 'Set-Cookie': 'auth_sid=6e5293ae2b63e7379a48121a9785e8b102e94918f1549272bcf2cafc2634fd9d', 'x-csrf-token': '3a0e6238f1afdacd5b1e6eb0c23b9944d98b064a02e94918f1549272bcf2cafc2634fd9d', 'Cache-Control': 'max-age=0', 'Expires': 'Thu, 20 Apr 2023 23:40:46 GMT'}Response cookies: {'auth_sid': '6e5293ae2b63e7379a48121a9785e8b102e94918f1549272bcf2cafc2634fd9d'}
-----

-----
Test: tests/test_user_auth.py::TestUserAuth::test_auth_user (call)
Start time: 2023-04-21 02:40:47.411581
Requests method: GET
Requests URL: https://playground.learnqa.ru/api_dev/user/auth
Requests data: None
Requests headers: {'x-csrf-token': '3a0e6238f1afdacd5b1e6eb0c23b9944d98b064a02e94918f1549272bcf2cafc2634fd9d'}
Requests cookies: {'auth_sid': '6e5293ae2b63e7379a48121a9785e8b102e94918f1549272bcf2cafc2634fd9d'}

Response code: 200
Response text: {"user_id":2}
Response headers: {'Date': 'Thu, 20 Apr 2023 23:40:47 GMT', 'Content-Type': 'application/json', 'Content-Length': '13', 'Connection': 'keep-alive', 'Keep-Alive': 'timeout=10', 'Server': 'Apache', 'Cache-Control': 'max-age=0', 'Expires': 'Thu, 20 Apr 2023 23:40:47 GMT'}Response cookies: {}
-----

-----
Test: tests/test_user_auth.py::TestUserAuth::test_negative_auth_check[no_cookies] (setup)
Start time: 2023-04-21 02:40:47.564074
Requests method: POST
Requests URL: https://playground.learnqa.ru/api_dev/user/login
Requests data: {'email': 'vinkotov@example.com', 'password': '1234'}
Requests headers: {}
Requests cookies: {}

Response code: 200
Response text: {"user_id":2}
Response headers: {'Date': 'Thu, 20 Apr 2023 23:40:47 GMT', 'Content-Type': 'application/json', 'Content-Length': '13', 'Connection': 'keep-alive', 'Keep-Alive': 'timeout=10', 'Server': 'Apache', 'Set-Cookie': 'auth_sid=f083a10fdf6f9614ca3e3bd39e15414a02e94918f1549272bcf2cafc2634fd9d', 'x-csrf-token': '2fe620e7fdb55ba5712902d4f78bae0d703ad44902e94918f1549272bcf2cafc2634fd9d', 'Cache-Control': 'max-age=0', 'Expires': 'Thu, 20 Apr 2023 23:40:47 GMT'}Response cookies: {'auth_sid': 'f083a10fdf6f9614ca3e3bd39e15414a02e94918f1549272bcf2cafc2634fd9d'}
-----

-----
Test: tests/test_user_auth.py::TestUserAuth::test_negative_auth_check[no_cookies] (call)
Start time: 2023-04-21 02:40:47.993551
Requests method: GET
Requests URL: https://playground.learnqa.ru/api_dev/user/auth
Requests data: None
Requests headers: {'x-csrf-token': '2fe620e7fdb55ba5712902d4f78bae0d703ad44902e94918f1549272bcf2cafc2634fd9d'}
Requests cookies: {}

Response code: 200
Response text: {"user_id":0}
Response headers: {'Date': 'Thu, 20 Apr 2023 23:40:48 GMT', 'Content-Type': 'application/json', 'Content-Length': '13', 'Connection': 'keep-alive', 'Keep-Alive': 'timeout=10', 'Server': 'Apache', 'Cache-Control': 'max-age=0', 'Expires': 'Thu, 20 Apr 2023 23:40:47 GMT'}Response cookies: {}
-----

-----
Test: tests/test_user_auth.py::TestUserAuth::test_negative_auth_check[no_token] (setup)
Start time: 2023-04-21 02:40:48.622531
Requests method: POST
Requests URL: https://playground.learnqa.ru/api_dev/user/login
Requests data: {'email': 'vinkotov@example.com', 'password': '1234'}
Requests headers: {}
Requests cookies: {}

Response code: 200
Response text: {"user_id":2}
Response headers: {'Date': 'Thu, 20 Apr 2023 23:40:48 GMT', 'Content-Type': 'application/json', 'Content-Length': '13', 'Connection': 'keep-alive', 'Keep-Alive': 'timeout=10', 'Server': 'Apache', 'Set-Cookie': 'auth_sid=3a81b863b85d8a9a4ae95f2f9da7178602e94918f1549272bcf2cafc2634fd9d', 'x-csrf-token': '86d8a87b01f4ede26a5cd27db8497216be5c697702e94918f1549272bcf2cafc2634fd9d', 'Cache-Control': 'max-age=0', 'Expires': 'Thu, 20 Apr 2023 23:40:48 GMT'}Response cookies: {'auth_sid': '3a81b863b85d8a9a4ae95f2f9da7178602e94918f1549272bcf2cafc2634fd9d'}
-----

-----
Test: tests/test_user_auth.py::TestUserAuth::test_negative_auth_check[no_token] (call)
Start time: 2023-04-21 02:40:48.788690
Requests method: GET
Requests URL: https://playground.learnqa.ru/api_dev/user/auth
Requests data: None
Requests headers: {}
Requests cookies: {'auth_sid': '3a81b863b85d8a9a4ae95f2f9da7178602e94918f1549272bcf2cafc2634fd9d'}

Response code: 200
Response text: {"user_id":0}
Response headers: {'Date': 'Thu, 20 Apr 2023 23:40:48 GMT', 'Content-Type': 'application/json', 'Content-Length': '13', 'Connection': 'keep-alive', 'Keep-Alive': 'timeout=10', 'Server': 'Apache', 'Cache-Control': 'max-age=0', 'Expires': 'Thu, 20 Apr 2023 23:40:48 GMT'}Response cookies: {}
-----

-----
Test: tests/test_user_edit.py::TestGetUser::test_edit_just_created_user (call)
Start time: 2023-04-21 02:40:48.943010
Requests method: POST
Requests URL: https://playground.learnqa.ru/api_dev/user/
Requests data: {'password': '123', 'username': 'Alex', 'firstName': 'Alex1', 'lastName': 'Alex2', 'email': 'Learnqa04212023024048@example.com'}
Requests headers: {}
Requests cookies: {}

Response code: 200
Response text: {"id":"68933"}
Response headers: {'Date': 'Thu, 20 Apr 2023 23:40:49 GMT', 'Content-Type': 'application/json', 'Content-Length': '14', 'Connection': 'keep-alive', 'Keep-Alive': 'timeout=10', 'Server': 'Apache', 'Cache-Control': 'max-age=0', 'Expires': 'Thu, 20 Apr 2023 23:40:48 GMT'}Response cookies: {}
-----

-----
Test: tests/test_user_edit.py::TestGetUser::test_edit_just_created_user (call)
Start time: 2023-04-21 02:40:49.574563
Requests method: POST
Requests URL: https://playground.learnqa.ru/api_dev/user/login
Requests data: {'email': 'Learnqa04212023024048@example.com', 'password': '123'}
Requests headers: {}
Requests cookies: {}

Response code: 200
Response text: {"user_id":68933}
Response headers: {'Date': 'Thu, 20 Apr 2023 23:40:49 GMT', 'Content-Type': 'application/json', 'Content-Length': '17', 'Connection': 'keep-alive', 'Keep-Alive': 'timeout=10', 'Server': 'Apache', 'Set-Cookie': 'auth_sid=d1a2319d6ac08bf50eab2e805250443ccba4c63496771d6b2a623616919a78a4', 'x-csrf-token': 'b9dc6d388e0e2ad2c71912a7041cd6eb4384eb3ccba4c63496771d6b2a623616919a78a4', 'Cache-Control': 'max-age=0', 'Expires': 'Thu, 20 Apr 2023 23:40:49 GMT'}Response cookies: {'auth_sid': 'd1a2319d6ac08bf50eab2e805250443ccba4c63496771d6b2a623616919a78a4'}
-----

-----
Test: tests/test_user_edit.py::TestGetUser::test_edit_just_created_user (call)
Start time: 2023-04-21 02:40:49.739179
Requests method: PUT
Requests URL: https://playground.learnqa.ru/api_dev/user/68933
Requests data: {'firstName': 'changed name'}
Requests headers: {'x-csrf-token': 'b9dc6d388e0e2ad2c71912a7041cd6eb4384eb3ccba4c63496771d6b2a623616919a78a4'}
Requests cookies: {'auth_sid': 'd1a2319d6ac08bf50eab2e805250443ccba4c63496771d6b2a623616919a78a4'}

Response code: 200
Response text: 
Response headers: {'Date': 'Thu, 20 Apr 2023 23:40:50 GMT', 'Content-Type': 'text/html; charset=utf-8', 'Content-Length': '0', 'Connection': 'keep-alive', 'Keep-Alive': 'timeout=10', 'Server': 'Apache', 'Cache-Control': 'max-age=0', 'Expires': 'Thu, 20 Apr 2023 23:40:49 GMT'}Response cookies: {}
-----

-----
Test: tests/test_user_edit.py::TestGetUser::test_edit_just_created_user (call)
Start time: 2023-04-21 02:40:50.441931
Requests method: GET
Requests URL: https://playground.learnqa.ru/api_dev/user/68933
Requests data: None
Requests headers: {'x-csrf-token': 'b9dc6d388e0e2ad2c71912a7041cd6eb4384eb3ccba4c63496771d6b2a623616919a78a4'}
Requests cookies: {'auth_sid': 'd1a2319d6ac08bf50eab2e805250443ccba4c63496771d6b2a623616919a78a4'}

Response code: 200
Response text: {"id":"68933","username":"Alex","email":"Learnqa04212023024048@example.com","firstName":"changed name","lastName":"Alex2"}
Response headers: {'Date': 'Thu, 20 Apr 2023 23:40:51 GMT', 'Content-Type': 'application/json', 'Transfer-Encoding': 'chunked', 'Connection': 'keep-alive', 'Keep-Alive': 'timeout=10', 'Vary': 'Accept-Encoding', 'Server': 'Apache', 'Cache-Control': 'max-age=0', 'Expires': 'Thu, 20 Apr 2023 23:40:51 GMT', 'Content-Encoding': 'gzip'}Response cookies: {}
-----
