
-----
Test: tests/test_create_user.py::TestCreateUser::test_create_user_successfully (call)
Start time: 2023-04-21 02:28:28.163359
Requests method: POST
Requests URL: https://playground.learnqa.ru/api_dev/user/
Requests data: {'password': '123', 'username': 'Alex', 'firstName': 'Alex1', 'lastName': 'Alex2', 'email': 'Learnqa04212023022828@example.com'}
Requests headers: {}
Requests cookies: {}

Response code: 200
Response text: {"id":"68924"}
Response headers: {'Date': 'Thu, 20 Apr 2023 23:28:28 GMT', 'Content-Type': 'application/json', 'Content-Length': '14', 'Connection': 'keep-alive', 'Keep-Alive': 'timeout=10', 'Server': 'Apache', 'Cache-Control': 'max-age=0', 'Expires': 'Thu, 20 Apr 2023 23:28:27 GMT'}Response cookies: {}
-----

-----
Test: tests/test_create_user.py::TestCreateUser::test_create_user_with_existing_email (call)
Start time: 2023-04-21 02:28:28.833995
Requests method: POST
Requests URL: https://playground.learnqa.ru/api_dev/user/
Requests data: {'password': '123', 'username': 'Alex', 'firstName': 'Alex1', 'lastName': 'Alex2', 'email': 'vinkotov@example.com'}
Requests headers: {}
Requests cookies: {}

Response code: 400
Response text: Users with email 'vinkotov@example.com' already exists
Response headers: {'Date': 'Thu, 20 Apr 2023 23:28:29 GMT', 'Content-Type': 'text/html; charset=utf-8', 'Content-Length': '54', 'Connection': 'keep-alive', 'Keep-Alive': 'timeout=10', 'Server': 'Apache'}Response cookies: {}
-----

-----
Test: tests/test_get_user.py::TestGetUser::test_get_user_details_not_auth (call)
Start time: 2023-04-21 02:28:29.527534
Requests method: GET
Requests URL: https://playground.learnqa.ru/api_dev/user/2
Requests data: None
Requests headers: {}
Requests cookies: {}

Response code: 200
Response text: {"username":"Vitaliy"}
Response headers: {'Date': 'Thu, 20 Apr 2023 23:28:31 GMT', 'Content-Type': 'application/json', 'Transfer-Encoding': 'chunked', 'Connection': 'keep-alive', 'Keep-Alive': 'timeout=10', 'Vary': 'Accept-Encoding', 'Server': 'Apache', 'Cache-Control': 'max-age=0', 'Expires': 'Thu, 20 Apr 2023 23:28:31 GMT', 'Content-Encoding': 'gzip'}Response cookies: {}
-----

-----
Test: tests/test_get_user.py::TestGetUser::test_get_user_details_auth_as_same_user (call)
Start time: 2023-04-21 02:28:32.205332
Requests method: POST
Requests URL: https://playground.learnqa.ru/api_dev/user/login
Requests data: {'email': 'vinkotov@example.com', 'password': '1234'}
Requests headers: {}
Requests cookies: {}

Response code: 200
Response text: {"user_id":2}
Response headers: {'Date': 'Thu, 20 Apr 2023 23:28:31 GMT', 'Content-Type': 'application/json', 'Content-Length': '13', 'Connection': 'keep-alive', 'Keep-Alive': 'timeout=10', 'Server': 'Apache', 'Set-Cookie': 'auth_sid=c1e29022be318e2c9721d273645cca4402e94918f1549272bcf2cafc2634fd9d', 'x-csrf-token': 'dad472219d7c11cfefac47f80cdbbd805749d95302e94918f1549272bcf2cafc2634fd9d', 'Cache-Control': 'max-age=0', 'Expires': 'Thu, 20 Apr 2023 23:28:31 GMT'}Response cookies: {'auth_sid': 'c1e29022be318e2c9721d273645cca4402e94918f1549272bcf2cafc2634fd9d'}
-----

-----
Test: tests/test_get_user.py::TestGetUser::test_get_user_details_auth_as_same_user (call)
Start time: 2023-04-21 02:28:32.379440
Requests method: GET
Requests URL: https://playground.learnqa.ru/api_dev/user/2
Requests data: None
Requests headers: {'x-csrf-token': 'dad472219d7c11cfefac47f80cdbbd805749d95302e94918f1549272bcf2cafc2634fd9d'}
Requests cookies: {'auth_sid': 'c1e29022be318e2c9721d273645cca4402e94918f1549272bcf2cafc2634fd9d'}

Response code: 200
Response text: {"id":"2","username":"Vitaliy","email":"vinkotov@example.com","firstName":"Vitalii","lastName":"Kotov"}
Response headers: {'Date': 'Thu, 20 Apr 2023 23:28:32 GMT', 'Content-Type': 'application/json', 'Transfer-Encoding': 'chunked', 'Connection': 'keep-alive', 'Keep-Alive': 'timeout=10', 'Vary': 'Accept-Encoding', 'Server': 'Apache', 'Cache-Control': 'max-age=0', 'Expires': 'Thu, 20 Apr 2023 23:28:32 GMT', 'Content-Encoding': 'gzip'}Response cookies: {}
-----

-----
Test: tests/test_user_auth.py::TestUserAuth::test_auth_user (setup)
Start time: 2023-04-21 02:28:33.028505
Requests method: POST
Requests URL: https://playground.learnqa.ru/api_dev/user/login
Requests data: {'email': 'vinkotov@example.com', 'password': '1234'}
Requests headers: {}
Requests cookies: {}

Response code: 200
Response text: {"user_id":2}
Response headers: {'Date': 'Thu, 20 Apr 2023 23:28:32 GMT', 'Content-Type': 'application/json', 'Content-Length': '13', 'Connection': 'keep-alive', 'Keep-Alive': 'timeout=10', 'Server': 'Apache', 'Set-Cookie': 'auth_sid=e4b70558d47002cafaf992004c7eb30502e94918f1549272bcf2cafc2634fd9d', 'x-csrf-token': '62f0d25c1ae7329aab97f0b79ecc1c430dc99eb902e94918f1549272bcf2cafc2634fd9d', 'Cache-Control': 'max-age=0', 'Expires': 'Thu, 20 Apr 2023 23:28:32 GMT'}Response cookies: {'auth_sid': 'e4b70558d47002cafaf992004c7eb30502e94918f1549272bcf2cafc2634fd9d'}
-----

-----
Test: tests/test_user_auth.py::TestUserAuth::test_auth_user (call)
Start time: 2023-04-21 02:28:33.136561
Requests method: GET
Requests URL: https://playground.learnqa.ru/api_dev/user/auth
Requests data: None
Requests headers: {'x-csrf-token': '62f0d25c1ae7329aab97f0b79ecc1c430dc99eb902e94918f1549272bcf2cafc2634fd9d'}
Requests cookies: {'auth_sid': 'e4b70558d47002cafaf992004c7eb30502e94918f1549272bcf2cafc2634fd9d'}

Response code: 200
Response text: {"user_id":2}
Response headers: {'Date': 'Thu, 20 Apr 2023 23:28:33 GMT', 'Content-Type': 'application/json', 'Content-Length': '13', 'Connection': 'keep-alive', 'Keep-Alive': 'timeout=10', 'Server': 'Apache', 'Cache-Control': 'max-age=0', 'Expires': 'Thu, 20 Apr 2023 23:28:32 GMT'}Response cookies: {}
-----

-----
Test: tests/test_user_auth.py::TestUserAuth::test_negative_auth_check[no_cookies] (setup)
Start time: 2023-04-21 02:28:33.542187
Requests method: POST
Requests URL: https://playground.learnqa.ru/api_dev/user/login
Requests data: {'email': 'vinkotov@example.com', 'password': '1234'}
Requests headers: {}
Requests cookies: {}

Response code: 200
Response text: {"user_id":2}
Response headers: {'Date': 'Thu, 20 Apr 2023 23:28:33 GMT', 'Content-Type': 'application/json', 'Content-Length': '13', 'Connection': 'keep-alive', 'Keep-Alive': 'timeout=10', 'Server': 'Apache', 'Set-Cookie': 'auth_sid=c503a34666da0686ae13bcaeb2b5ee6f02e94918f1549272bcf2cafc2634fd9d', 'x-csrf-token': '7c94c0e5e67640291bec1a0a97a7e806d3f20a4f02e94918f1549272bcf2cafc2634fd9d', 'Cache-Control': 'max-age=0', 'Expires': 'Thu, 20 Apr 2023 23:28:33 GMT'}Response cookies: {'auth_sid': 'c503a34666da0686ae13bcaeb2b5ee6f02e94918f1549272bcf2cafc2634fd9d'}
-----

-----
Test: tests/test_user_auth.py::TestUserAuth::test_negative_auth_check[no_cookies] (call)
Start time: 2023-04-21 02:28:33.690888
Requests method: GET
Requests URL: https://playground.learnqa.ru/api_dev/user/auth
Requests data: None
Requests headers: {'x-csrf-token': '7c94c0e5e67640291bec1a0a97a7e806d3f20a4f02e94918f1549272bcf2cafc2634fd9d'}
Requests cookies: {}

Response code: 200
Response text: {"user_id":0}
Response headers: {'Date': 'Thu, 20 Apr 2023 23:28:33 GMT', 'Content-Type': 'application/json', 'Content-Length': '13', 'Connection': 'keep-alive', 'Keep-Alive': 'timeout=10', 'Server': 'Apache', 'Cache-Control': 'max-age=0', 'Expires': 'Thu, 20 Apr 2023 23:28:33 GMT'}Response cookies: {}
-----

-----
Test: tests/test_user_auth.py::TestUserAuth::test_negative_auth_check[no_token] (setup)
Start time: 2023-04-21 02:28:34.143131
Requests method: POST
Requests URL: https://playground.learnqa.ru/api_dev/user/login
Requests data: {'email': 'vinkotov@example.com', 'password': '1234'}
Requests headers: {}
Requests cookies: {}

Response code: 200
Response text: {"user_id":2}
Response headers: {'Date': 'Thu, 20 Apr 2023 23:28:33 GMT', 'Content-Type': 'application/json', 'Content-Length': '13', 'Connection': 'keep-alive', 'Keep-Alive': 'timeout=10', 'Server': 'Apache', 'Set-Cookie': 'auth_sid=937941e646031df79a515485f198e42602e94918f1549272bcf2cafc2634fd9d', 'x-csrf-token': '76775834cb30d8f907575511fbca9b1ce8fb0c2b02e94918f1549272bcf2cafc2634fd9d', 'Cache-Control': 'max-age=0', 'Expires': 'Thu, 20 Apr 2023 23:28:33 GMT'}Response cookies: {'auth_sid': '937941e646031df79a515485f198e42602e94918f1549272bcf2cafc2634fd9d'}
-----

-----
Test: tests/test_user_auth.py::TestUserAuth::test_negative_auth_check[no_token] (call)
Start time: 2023-04-21 02:28:34.277263
Requests method: GET
Requests URL: https://playground.learnqa.ru/api_dev/user/auth
Requests data: None
Requests headers: {}
Requests cookies: {'auth_sid': '937941e646031df79a515485f198e42602e94918f1549272bcf2cafc2634fd9d'}

Response code: 200
Response text: {"user_id":0}
Response headers: {'Date': 'Thu, 20 Apr 2023 23:28:34 GMT', 'Content-Type': 'application/json', 'Content-Length': '13', 'Connection': 'keep-alive', 'Keep-Alive': 'timeout=10', 'Server': 'Apache', 'Cache-Control': 'max-age=0', 'Expires': 'Thu, 20 Apr 2023 23:28:33 GMT'}Response cookies: {}
-----

-----
Test: tests/test_user_edit.py::TestGetUser::test_edit_just_created_user (call)
Start time: 2023-04-21 02:28:34.453334
Requests method: POST
Requests URL: https://playground.learnqa.ru/api_dev/user/
Requests data: {'password': '123', 'username': 'Alex', 'firstName': 'Alex1', 'lastName': 'Alex2', 'email': 'Learnqa04212023022834@example.com'}
Requests headers: {}
Requests cookies: {}

Response code: 200
Response text: {"id":"68925"}
Response headers: {'Date': 'Thu, 20 Apr 2023 23:28:34 GMT', 'Content-Type': 'application/json', 'Content-Length': '14', 'Connection': 'keep-alive', 'Keep-Alive': 'timeout=10', 'Server': 'Apache', 'Cache-Control': 'max-age=0', 'Expires': 'Thu, 20 Apr 2023 23:28:34 GMT'}Response cookies: {}
-----

-----
Test: tests/test_user_edit.py::TestGetUser::test_edit_just_created_user (call)
Start time: 2023-04-21 02:28:35.121889
Requests method: POST
Requests URL: https://playground.learnqa.ru/api_dev/user/login
Requests data: {'email': 'Learnqa04212023022834@example.com', 'password': '123'}
Requests headers: {}
Requests cookies: {}

Response code: 200
Response text: {"user_id":68925}
Response headers: {'Date': 'Thu, 20 Apr 2023 23:28:34 GMT', 'Content-Type': 'application/json', 'Content-Length': '17', 'Connection': 'keep-alive', 'Keep-Alive': 'timeout=10', 'Server': 'Apache', 'Set-Cookie': 'auth_sid=d933da4aff62b249497959c2818895fe775fc561c912e2ff8e600d3e42c06289', 'x-csrf-token': '6341778c5c2882c94890bc415ecb803955a378b2775fc561c912e2ff8e600d3e42c06289', 'Cache-Control': 'max-age=0', 'Expires': 'Thu, 20 Apr 2023 23:28:34 GMT'}Response cookies: {'auth_sid': 'd933da4aff62b249497959c2818895fe775fc561c912e2ff8e600d3e42c06289'}
-----

-----
Test: tests/test_user_edit.py::TestGetUser::test_edit_just_created_user (call)
Start time: 2023-04-21 02:28:35.239749
Requests method: PUT
Requests URL: https://playground.learnqa.ru/api_dev/user/68925
Requests data: {'firstName': 'changed name'}
Requests headers: {'x-csrf-token': '6341778c5c2882c94890bc415ecb803955a378b2775fc561c912e2ff8e600d3e42c06289'}
Requests cookies: {'auth_sid': 'd933da4aff62b249497959c2818895fe775fc561c912e2ff8e600d3e42c06289'}

Response code: 200
Response text: 
Response headers: {'Date': 'Thu, 20 Apr 2023 23:28:35 GMT', 'Content-Type': 'text/html; charset=utf-8', 'Content-Length': '0', 'Connection': 'keep-alive', 'Keep-Alive': 'timeout=10', 'Server': 'Apache', 'Cache-Control': 'max-age=0', 'Expires': 'Thu, 20 Apr 2023 23:28:34 GMT'}Response cookies: {}
-----

-----
Test: tests/test_user_edit.py::TestGetUser::test_edit_just_created_user (call)
Start time: 2023-04-21 02:28:35.910329
Requests method: GET
Requests URL: https://playground.learnqa.ru/api_dev/user/68925
Requests data: None
Requests headers: {'x-csrf-token': '6341778c5c2882c94890bc415ecb803955a378b2775fc561c912e2ff8e600d3e42c06289'}
Requests cookies: {'auth_sid': 'd933da4aff62b249497959c2818895fe775fc561c912e2ff8e600d3e42c06289'}

Response code: 200
Response text: {"id":"68925","username":"Alex","email":"Learnqa04212023022834@example.com","firstName":"changed name","lastName":"Alex2"}
Response headers: {'Date': 'Thu, 20 Apr 2023 23:28:36 GMT', 'Content-Type': 'application/json', 'Transfer-Encoding': 'chunked', 'Connection': 'keep-alive', 'Keep-Alive': 'timeout=10', 'Vary': 'Accept-Encoding', 'Server': 'Apache', 'Cache-Control': 'max-age=0', 'Expires': 'Thu, 20 Apr 2023 23:28:35 GMT', 'Content-Encoding': 'gzip'}Response cookies: {}
-----
