
-----
Test: tests/test_create_user.py::TestCreateUser::test_create_user_successfully (call)
Start time: 2023-04-21 02:38:28.930727
Requests method: POST
Requests URL: https://playground.learnqa.ru/api_dev/user/
Requests data: {'password': '123', 'username': 'Alex', 'firstName': 'Alex1', 'lastName': 'Alex2', 'email': 'Learnqa04212023023828@example.com'}
Requests headers: {}
Requests cookies: {}

Response code: 200
Response text: {"id":"68930"}
Response headers: {'Date': 'Thu, 20 Apr 2023 23:38:29 GMT', 'Content-Type': 'application/json', 'Content-Length': '14', 'Connection': 'keep-alive', 'Keep-Alive': 'timeout=10', 'Server': 'Apache', 'Cache-Control': 'max-age=0', 'Expires': 'Thu, 20 Apr 2023 23:38:28 GMT'}Response cookies: {}
-----

-----
Test: tests/test_create_user.py::TestCreateUser::test_create_user_with_existing_email (call)
Start time: 2023-04-21 02:38:29.646938
Requests method: POST
Requests URL: https://playground.learnqa.ru/api_dev/user/
Requests data: {'password': '123', 'username': 'Alex', 'firstName': 'Alex1', 'lastName': 'Alex2', 'email': 'vinkotov@example.com'}
Requests headers: {}
Requests cookies: {}

Response code: 400
Response text: Users with email 'vinkotov@example.com' already exists
Response headers: {'Date': 'Thu, 20 Apr 2023 23:38:29 GMT', 'Content-Type': 'text/html; charset=utf-8', 'Content-Length': '54', 'Connection': 'keep-alive', 'Keep-Alive': 'timeout=10', 'Server': 'Apache'}Response cookies: {}
-----

-----
Test: tests/test_get_user.py::TestGetUser::test_get_user_details_not_auth (call)
Start time: 2023-04-21 02:38:30.342964
Requests method: GET
Requests URL: https://playground.learnqa.ru/api_dev/user/2
Requests data: None
Requests headers: {}
Requests cookies: {}

Response code: 200
Response text: {"username":"Vitaliy"}
Response headers: {'Date': 'Thu, 20 Apr 2023 23:38:30 GMT', 'Content-Type': 'application/json', 'Transfer-Encoding': 'chunked', 'Connection': 'keep-alive', 'Keep-Alive': 'timeout=10', 'Vary': 'Accept-Encoding', 'Server': 'Apache', 'Cache-Control': 'max-age=0', 'Expires': 'Thu, 20 Apr 2023 23:38:30 GMT', 'Content-Encoding': 'gzip'}Response cookies: {}
-----

-----
Test: tests/test_get_user.py::TestGetUser::test_get_user_details_auth_as_same_user (call)
Start time: 2023-04-21 02:38:31.080583
Requests method: POST
Requests URL: https://playground.learnqa.ru/api_dev/user/login
Requests data: {'email': 'vinkotov@example.com', 'password': '1234'}
Requests headers: {}
Requests cookies: {}

Response code: 200
Response text: {"user_id":2}
Response headers: {'Date': 'Thu, 20 Apr 2023 23:38:30 GMT', 'Content-Type': 'application/json', 'Content-Length': '13', 'Connection': 'keep-alive', 'Keep-Alive': 'timeout=10', 'Server': 'Apache', 'Set-Cookie': 'auth_sid=3def87363ef84fdb9b8e7fb33f033fa802e94918f1549272bcf2cafc2634fd9d', 'x-csrf-token': '1f87728f0fd054f3c38f2b2e572db300a7f32d7302e94918f1549272bcf2cafc2634fd9d', 'Cache-Control': 'max-age=0', 'Expires': 'Thu, 20 Apr 2023 23:38:30 GMT'}Response cookies: {'auth_sid': '3def87363ef84fdb9b8e7fb33f033fa802e94918f1549272bcf2cafc2634fd9d'}
-----

-----
Test: tests/test_get_user.py::TestGetUser::test_get_user_details_auth_as_same_user (call)
Start time: 2023-04-21 02:38:31.208582
Requests method: GET
Requests URL: https://playground.learnqa.ru/api_dev/user/2
Requests data: None
Requests headers: {'x-csrf-token': '1f87728f0fd054f3c38f2b2e572db300a7f32d7302e94918f1549272bcf2cafc2634fd9d'}
Requests cookies: {'auth_sid': '3def87363ef84fdb9b8e7fb33f033fa802e94918f1549272bcf2cafc2634fd9d'}

Response code: 200
Response text: {"id":"2","username":"Vitaliy","email":"vinkotov@example.com","firstName":"Vitalii","lastName":"Kotov"}
Response headers: {'Date': 'Thu, 20 Apr 2023 23:38:31 GMT', 'Content-Type': 'application/json', 'Transfer-Encoding': 'chunked', 'Connection': 'keep-alive', 'Keep-Alive': 'timeout=10', 'Vary': 'Accept-Encoding', 'Server': 'Apache', 'Cache-Control': 'max-age=0', 'Expires': 'Thu, 20 Apr 2023 23:38:30 GMT', 'Content-Encoding': 'gzip'}Response cookies: {}
-----

-----
Test: tests/test_user_auth.py::TestUserAuth::test_auth_user (setup)
Start time: 2023-04-21 02:38:31.884089
Requests method: POST
Requests URL: https://playground.learnqa.ru/api_dev/user/login
Requests data: {'email': 'vinkotov@example.com', 'password': '1234'}
Requests headers: {}
Requests cookies: {}

Response code: 200
Response text: {"user_id":2}
Response headers: {'Date': 'Thu, 20 Apr 2023 23:38:31 GMT', 'Content-Type': 'application/json', 'Content-Length': '13', 'Connection': 'keep-alive', 'Keep-Alive': 'timeout=10', 'Server': 'Apache', 'Set-Cookie': 'auth_sid=3ebdfb20f1e938c57067e0e297ac894f02e94918f1549272bcf2cafc2634fd9d', 'x-csrf-token': 'ad76e908841b48702847bb3891940509321f5cb402e94918f1549272bcf2cafc2634fd9d', 'Cache-Control': 'max-age=0', 'Expires': 'Thu, 20 Apr 2023 23:38:31 GMT'}Response cookies: {'auth_sid': '3ebdfb20f1e938c57067e0e297ac894f02e94918f1549272bcf2cafc2634fd9d'}
-----

-----
Test: tests/test_user_auth.py::TestUserAuth::test_auth_user (call)
Start time: 2023-04-21 02:38:31.990568
Requests method: GET
Requests URL: https://playground.learnqa.ru/api_dev/user/auth
Requests data: None
Requests headers: {'x-csrf-token': 'ad76e908841b48702847bb3891940509321f5cb402e94918f1549272bcf2cafc2634fd9d'}
Requests cookies: {'auth_sid': '3ebdfb20f1e938c57067e0e297ac894f02e94918f1549272bcf2cafc2634fd9d'}

Response code: 200
Response text: {"user_id":2}
Response headers: {'Date': 'Thu, 20 Apr 2023 23:38:31 GMT', 'Content-Type': 'application/json', 'Content-Length': '13', 'Connection': 'keep-alive', 'Keep-Alive': 'timeout=10', 'Server': 'Apache', 'Cache-Control': 'max-age=0', 'Expires': 'Thu, 20 Apr 2023 23:38:31 GMT'}Response cookies: {}
-----

-----
Test: tests/test_user_auth.py::TestUserAuth::test_negative_auth_check[no_cookies] (setup)
Start time: 2023-04-21 02:38:32.221377
Requests method: POST
Requests URL: https://playground.learnqa.ru/api_dev/user/login
Requests data: {'email': 'vinkotov@example.com', 'password': '1234'}
Requests headers: {}
Requests cookies: {}

Response code: 200
Response text: {"user_id":2}
Response headers: {'Date': 'Thu, 20 Apr 2023 23:38:31 GMT', 'Content-Type': 'application/json', 'Content-Length': '13', 'Connection': 'keep-alive', 'Keep-Alive': 'timeout=10', 'Server': 'Apache', 'Set-Cookie': 'auth_sid=ef254c133dab39426c2a82d13ca5108a02e94918f1549272bcf2cafc2634fd9d', 'x-csrf-token': '00f66bf878697524f424eaf5fccaff56f9f4813902e94918f1549272bcf2cafc2634fd9d', 'Cache-Control': 'max-age=0', 'Expires': 'Thu, 20 Apr 2023 23:38:31 GMT'}Response cookies: {'auth_sid': 'ef254c133dab39426c2a82d13ca5108a02e94918f1549272bcf2cafc2634fd9d'}
-----

-----
Test: tests/test_user_auth.py::TestUserAuth::test_negative_auth_check[no_cookies] (call)
Start time: 2023-04-21 02:38:32.329496
Requests method: GET
Requests URL: https://playground.learnqa.ru/api_dev/user/auth
Requests data: None
Requests headers: {'x-csrf-token': '00f66bf878697524f424eaf5fccaff56f9f4813902e94918f1549272bcf2cafc2634fd9d'}
Requests cookies: {}

Response code: 200
Response text: {"user_id":0}
Response headers: {'Date': 'Thu, 20 Apr 2023 23:38:32 GMT', 'Content-Type': 'application/json', 'Content-Length': '13', 'Connection': 'keep-alive', 'Keep-Alive': 'timeout=10', 'Server': 'Apache', 'Cache-Control': 'max-age=0', 'Expires': 'Thu, 20 Apr 2023 23:38:31 GMT'}Response cookies: {}
-----

-----
Test: tests/test_user_auth.py::TestUserAuth::test_negative_auth_check[no_token] (setup)
Start time: 2023-04-21 02:38:32.480230
Requests method: POST
Requests URL: https://playground.learnqa.ru/api_dev/user/login
Requests data: {'email': 'vinkotov@example.com', 'password': '1234'}
Requests headers: {}
Requests cookies: {}

Response code: 200
Response text: {"user_id":2}
Response headers: {'Date': 'Thu, 20 Apr 2023 23:38:32 GMT', 'Content-Type': 'application/json', 'Content-Length': '13', 'Connection': 'keep-alive', 'Keep-Alive': 'timeout=10', 'Server': 'Apache', 'Set-Cookie': 'auth_sid=87b080a12873179eaf9e8a14b598698e02e94918f1549272bcf2cafc2634fd9d', 'x-csrf-token': 'ca6035f75bf2682c72041494a467048d7578f10502e94918f1549272bcf2cafc2634fd9d', 'Cache-Control': 'max-age=0', 'Expires': 'Thu, 20 Apr 2023 23:38:32 GMT'}Response cookies: {'auth_sid': '87b080a12873179eaf9e8a14b598698e02e94918f1549272bcf2cafc2634fd9d'}
-----

-----
Test: tests/test_user_auth.py::TestUserAuth::test_negative_auth_check[no_token] (call)
Start time: 2023-04-21 02:38:32.820582
Requests method: GET
Requests URL: https://playground.learnqa.ru/api_dev/user/auth
Requests data: None
Requests headers: {}
Requests cookies: {'auth_sid': '87b080a12873179eaf9e8a14b598698e02e94918f1549272bcf2cafc2634fd9d'}

Response code: 200
Response text: {"user_id":0}
Response headers: {'Date': 'Thu, 20 Apr 2023 23:38:32 GMT', 'Content-Type': 'application/json', 'Content-Length': '13', 'Connection': 'keep-alive', 'Keep-Alive': 'timeout=10', 'Server': 'Apache', 'Cache-Control': 'max-age=0', 'Expires': 'Thu, 20 Apr 2023 23:38:32 GMT'}Response cookies: {}
-----

-----
Test: tests/test_user_edit.py::TestGetUser::test_edit_just_created_user (call)
Start time: 2023-04-21 02:38:32.993233
Requests method: POST
Requests URL: https://playground.learnqa.ru/api_dev/user/
Requests data: {'password': '123', 'username': 'Alex', 'firstName': 'Alex1', 'lastName': 'Alex2', 'email': 'Learnqa04212023023832@example.com'}
Requests headers: {}
Requests cookies: {}

Response code: 200
Response text: {"id":"68931"}
Response headers: {'Date': 'Thu, 20 Apr 2023 23:38:33 GMT', 'Content-Type': 'application/json', 'Content-Length': '14', 'Connection': 'keep-alive', 'Keep-Alive': 'timeout=10', 'Server': 'Apache', 'Cache-Control': 'max-age=0', 'Expires': 'Thu, 20 Apr 2023 23:38:32 GMT'}Response cookies: {}
-----

-----
Test: tests/test_user_edit.py::TestGetUser::test_edit_just_created_user (call)
Start time: 2023-04-21 02:38:33.614744
Requests method: POST
Requests URL: https://playground.learnqa.ru/api_dev/user/login
Requests data: {'email': 'Learnqa04212023023832@example.com', 'password': '123'}
Requests headers: {}
Requests cookies: {}

Response code: 200
Response text: {"user_id":68931}
Response headers: {'Date': 'Thu, 20 Apr 2023 23:38:33 GMT', 'Content-Type': 'application/json', 'Content-Length': '17', 'Connection': 'keep-alive', 'Keep-Alive': 'timeout=10', 'Server': 'Apache', 'Set-Cookie': 'auth_sid=492a7739c95b8958a6e9ef8aa2a8997eb2f124791213969cd259694ff1b21dfc', 'x-csrf-token': 'e12721c64e75393b29ec1e7207a8caa3aa3c1ce7b2f124791213969cd259694ff1b21dfc', 'Cache-Control': 'max-age=0', 'Expires': 'Thu, 20 Apr 2023 23:38:33 GMT'}Response cookies: {'auth_sid': '492a7739c95b8958a6e9ef8aa2a8997eb2f124791213969cd259694ff1b21dfc'}
-----

-----
Test: tests/test_user_edit.py::TestGetUser::test_edit_just_created_user (call)
Start time: 2023-04-21 02:38:34.043681
Requests method: PUT
Requests URL: https://playground.learnqa.ru/api_dev/user/68931
Requests data: {'firstName': 'changed name'}
Requests headers: {'x-csrf-token': 'e12721c64e75393b29ec1e7207a8caa3aa3c1ce7b2f124791213969cd259694ff1b21dfc'}
Requests cookies: {'auth_sid': '492a7739c95b8958a6e9ef8aa2a8997eb2f124791213969cd259694ff1b21dfc'}

Response code: 200
Response text: 
Response headers: {'Date': 'Thu, 20 Apr 2023 23:38:34 GMT', 'Content-Type': 'text/html; charset=utf-8', 'Content-Length': '0', 'Connection': 'keep-alive', 'Keep-Alive': 'timeout=10', 'Server': 'Apache', 'Cache-Control': 'max-age=0', 'Expires': 'Thu, 20 Apr 2023 23:38:33 GMT'}Response cookies: {}
-----

-----
Test: tests/test_user_edit.py::TestGetUser::test_edit_just_created_user (call)
Start time: 2023-04-21 02:38:34.718293
Requests method: GET
Requests URL: https://playground.learnqa.ru/api_dev/user/68931
Requests data: None
Requests headers: {'x-csrf-token': 'e12721c64e75393b29ec1e7207a8caa3aa3c1ce7b2f124791213969cd259694ff1b21dfc'}
Requests cookies: {'auth_sid': '492a7739c95b8958a6e9ef8aa2a8997eb2f124791213969cd259694ff1b21dfc'}

Response code: 200
Response text: {"id":"68931","username":"Alex","email":"Learnqa04212023023832@example.com","firstName":"changed name","lastName":"Alex2"}
Response headers: {'Date': 'Thu, 20 Apr 2023 23:38:34 GMT', 'Content-Type': 'application/json', 'Transfer-Encoding': 'chunked', 'Connection': 'keep-alive', 'Keep-Alive': 'timeout=10', 'Vary': 'Accept-Encoding', 'Server': 'Apache', 'Cache-Control': 'max-age=0', 'Expires': 'Thu, 20 Apr 2023 23:38:34 GMT', 'Content-Encoding': 'gzip'}Response cookies: {}
-----
