
-----
Test: tests/test_create_user.py::TestCreateUser::test_create_user_successfully (call)
Start time: 2023-04-21 02:26:49.134517
Requests method: POST
Requests URL: https://playground.learnqa.ru/api_dev/user/
Requests data: {'password': '123', 'username': 'Alex', 'firstName': 'Alex1', 'lastName': 'Alex2', 'email': 'Learnqa04212023022649@example.com'}
Requests headers: {}
Requests cookies: {}

Response code: 200
Response text: {"id":"68922"}
Response headers: {'Date': 'Thu, 20 Apr 2023 23:26:49 GMT', 'Content-Type': 'application/json', 'Content-Length': '14', 'Connection': 'keep-alive', 'Keep-Alive': 'timeout=10', 'Server': 'Apache', 'Cache-Control': 'max-age=0', 'Expires': 'Thu, 20 Apr 2023 23:26:48 GMT'}Response cookies: {}
-----

-----
Test: tests/test_create_user.py::TestCreateUser::test_create_user_with_existing_email (call)
Start time: 2023-04-21 02:26:49.828191
Requests method: POST
Requests URL: https://playground.learnqa.ru/api_dev/user/
Requests data: {'password': '123', 'username': 'Alex', 'firstName': 'Alex1', 'lastName': 'Alex2', 'email': 'vinkotov@example.com'}
Requests headers: {}
Requests cookies: {}

Response code: 400
Response text: Users with email 'vinkotov@example.com' already exists
Response headers: {'Date': 'Thu, 20 Apr 2023 23:26:50 GMT', 'Content-Type': 'text/html; charset=utf-8', 'Content-Length': '54', 'Connection': 'keep-alive', 'Keep-Alive': 'timeout=10', 'Server': 'Apache'}Response cookies: {}
-----

-----
Test: tests/test_get_user.py::TestGetUser::test_get_user_details_not_auth (call)
Start time: 2023-04-21 02:26:50.591003
Requests method: GET
Requests URL: https://playground.learnqa.ru/api_dev/user/2
Requests data: None
Requests headers: {}
Requests cookies: {}

Response code: 200
Response text: {"username":"Vitaliy"}
Response headers: {'Date': 'Thu, 20 Apr 2023 23:26:50 GMT', 'Content-Type': 'application/json', 'Transfer-Encoding': 'chunked', 'Connection': 'keep-alive', 'Keep-Alive': 'timeout=10', 'Vary': 'Accept-Encoding', 'Server': 'Apache', 'Cache-Control': 'max-age=0', 'Expires': 'Thu, 20 Apr 2023 23:26:50 GMT', 'Content-Encoding': 'gzip'}Response cookies: {}
-----

-----
Test: tests/test_get_user.py::TestGetUser::test_get_user_details_auth_as_same_user (call)
Start time: 2023-04-21 02:26:51.294975
Requests method: POST
Requests URL: https://playground.learnqa.ru/api_dev/user/login
Requests data: {'email': 'vinkotov@example.com', 'password': '1234'}
Requests headers: {}
Requests cookies: {}

Response code: 200
Response text: {"user_id":2}
Response headers: {'Date': 'Thu, 20 Apr 2023 23:26:51 GMT', 'Content-Type': 'application/json', 'Content-Length': '13', 'Connection': 'keep-alive', 'Keep-Alive': 'timeout=10', 'Server': 'Apache', 'Set-Cookie': 'auth_sid=40d9c3116d870fb4d752926a67cbb73c02e94918f1549272bcf2cafc2634fd9d', 'x-csrf-token': '31ad7280dc67fb1216ec571c9e05abb3347478a902e94918f1549272bcf2cafc2634fd9d', 'Cache-Control': 'max-age=0', 'Expires': 'Thu, 20 Apr 2023 23:26:51 GMT'}Response cookies: {'auth_sid': '40d9c3116d870fb4d752926a67cbb73c02e94918f1549272bcf2cafc2634fd9d'}
-----

-----
Test: tests/test_get_user.py::TestGetUser::test_get_user_details_auth_as_same_user (call)
Start time: 2023-04-21 02:26:51.982714
Requests method: GET
Requests URL: https://playground.learnqa.ru/api_dev/user/2
Requests data: None
Requests headers: {'x-csrf-token': '31ad7280dc67fb1216ec571c9e05abb3347478a902e94918f1549272bcf2cafc2634fd9d'}
Requests cookies: {'auth_sid': '40d9c3116d870fb4d752926a67cbb73c02e94918f1549272bcf2cafc2634fd9d'}

Response code: 200
Response text: {"id":"2","username":"Vitaliy","email":"vinkotov@example.com","firstName":"Vitalii","lastName":"Kotov"}
Response headers: {'Date': 'Thu, 20 Apr 2023 23:26:52 GMT', 'Content-Type': 'application/json', 'Transfer-Encoding': 'chunked', 'Connection': 'keep-alive', 'Keep-Alive': 'timeout=10', 'Vary': 'Accept-Encoding', 'Server': 'Apache', 'Cache-Control': 'max-age=0', 'Expires': 'Thu, 20 Apr 2023 23:26:51 GMT', 'Content-Encoding': 'gzip'}Response cookies: {}
-----

-----
Test: tests/test_user_auth.py::TestUserAuth::test_auth_user (setup)
Start time: 2023-04-21 02:26:52.650997
Requests method: POST
Requests URL: https://playground.learnqa.ru/api_dev/user/login
Requests data: {'email': 'vinkotov@example.com', 'password': '1234'}
Requests headers: {}
Requests cookies: {}

Response code: 200
Response text: {"user_id":2}
Response headers: {'Date': 'Thu, 20 Apr 2023 23:26:53 GMT', 'Content-Type': 'application/json', 'Content-Length': '13', 'Connection': 'keep-alive', 'Keep-Alive': 'timeout=10', 'Server': 'Apache', 'Set-Cookie': 'auth_sid=39d6cebd11d4f9b3ab315f869b829f9402e94918f1549272bcf2cafc2634fd9d', 'x-csrf-token': 'c1f7e00d085a8f0359fe5eabd3a5072f30fd8b8302e94918f1549272bcf2cafc2634fd9d', 'Cache-Control': 'max-age=0', 'Expires': 'Thu, 20 Apr 2023 23:26:53 GMT'}Response cookies: {'auth_sid': '39d6cebd11d4f9b3ab315f869b829f9402e94918f1549272bcf2cafc2634fd9d'}
-----

-----
Test: tests/test_user_auth.py::TestUserAuth::test_auth_user (call)
Start time: 2023-04-21 02:26:53.756808
Requests method: GET
Requests URL: https://playground.learnqa.ru/api_dev/user/auth
Requests data: None
Requests headers: {'x-csrf-token': 'c1f7e00d085a8f0359fe5eabd3a5072f30fd8b8302e94918f1549272bcf2cafc2634fd9d'}
Requests cookies: {'auth_sid': '39d6cebd11d4f9b3ab315f869b829f9402e94918f1549272bcf2cafc2634fd9d'}

Response code: 200
Response text: {"user_id":2}
Response headers: {'Date': 'Thu, 20 Apr 2023 23:26:53 GMT', 'Content-Type': 'application/json', 'Content-Length': '13', 'Connection': 'keep-alive', 'Keep-Alive': 'timeout=10', 'Server': 'Apache', 'Cache-Control': 'max-age=0', 'Expires': 'Thu, 20 Apr 2023 23:26:53 GMT'}Response cookies: {}
-----

-----
Test: tests/test_user_auth.py::TestUserAuth::test_negative_auth_check[no_cookies] (setup)
Start time: 2023-04-21 02:26:53.928971
Requests method: POST
Requests URL: https://playground.learnqa.ru/api_dev/user/login
Requests data: {'email': 'vinkotov@example.com', 'password': '1234'}
Requests headers: {}
Requests cookies: {}

Response code: 200
Response text: {"user_id":2}
Response headers: {'Date': 'Thu, 20 Apr 2023 23:26:53 GMT', 'Content-Type': 'application/json', 'Content-Length': '13', 'Connection': 'keep-alive', 'Keep-Alive': 'timeout=10', 'Server': 'Apache', 'Set-Cookie': 'auth_sid=736969c731d7e2ed782945eb3bc1dd5302e94918f1549272bcf2cafc2634fd9d', 'x-csrf-token': 'e29235911a2a6775189895853595a1239a6a9c4a02e94918f1549272bcf2cafc2634fd9d', 'Cache-Control': 'max-age=0', 'Expires': 'Thu, 20 Apr 2023 23:26:53 GMT'}Response cookies: {'auth_sid': '736969c731d7e2ed782945eb3bc1dd5302e94918f1549272bcf2cafc2634fd9d'}
-----

-----
Test: tests/test_user_auth.py::TestUserAuth::test_negative_auth_check[no_cookies] (call)
Start time: 2023-04-21 02:26:54.078812
Requests method: GET
Requests URL: https://playground.learnqa.ru/api_dev/user/auth
Requests data: None
Requests headers: {'x-csrf-token': 'e29235911a2a6775189895853595a1239a6a9c4a02e94918f1549272bcf2cafc2634fd9d'}
Requests cookies: {}

Response code: 200
Response text: {"user_id":0}
Response headers: {'Date': 'Thu, 20 Apr 2023 23:26:53 GMT', 'Content-Type': 'application/json', 'Content-Length': '13', 'Connection': 'keep-alive', 'Keep-Alive': 'timeout=10', 'Server': 'Apache', 'Cache-Control': 'max-age=0', 'Expires': 'Thu, 20 Apr 2023 23:26:53 GMT'}Response cookies: {}
-----

-----
Test: tests/test_user_auth.py::TestUserAuth::test_negative_auth_check[no_token] (setup)
Start time: 2023-04-21 02:26:54.227617
Requests method: POST
Requests URL: https://playground.learnqa.ru/api_dev/user/login
Requests data: {'email': 'vinkotov@example.com', 'password': '1234'}
Requests headers: {}
Requests cookies: {}

Response code: 200
Response text: {"user_id":2}
Response headers: {'Date': 'Thu, 20 Apr 2023 23:26:54 GMT', 'Content-Type': 'application/json', 'Content-Length': '13', 'Connection': 'keep-alive', 'Keep-Alive': 'timeout=10', 'Server': 'Apache', 'Set-Cookie': 'auth_sid=7ac39f726f671e5e7f108db2d38a79a102e94918f1549272bcf2cafc2634fd9d', 'x-csrf-token': 'a98efdf1b8be674d03e32cf1b8a0fe3c4aa03d1702e94918f1549272bcf2cafc2634fd9d', 'Cache-Control': 'max-age=0', 'Expires': 'Thu, 20 Apr 2023 23:26:54 GMT'}Response cookies: {'auth_sid': '7ac39f726f671e5e7f108db2d38a79a102e94918f1549272bcf2cafc2634fd9d'}
-----

-----
Test: tests/test_user_auth.py::TestUserAuth::test_negative_auth_check[no_token] (call)
Start time: 2023-04-21 02:26:54.939283
Requests method: GET
Requests URL: https://playground.learnqa.ru/api_dev/user/auth
Requests data: None
Requests headers: {}
Requests cookies: {'auth_sid': '7ac39f726f671e5e7f108db2d38a79a102e94918f1549272bcf2cafc2634fd9d'}

Response code: 200
Response text: {"user_id":0}
Response headers: {'Date': 'Thu, 20 Apr 2023 23:26:54 GMT', 'Content-Type': 'application/json', 'Content-Length': '13', 'Connection': 'keep-alive', 'Keep-Alive': 'timeout=10', 'Server': 'Apache', 'Cache-Control': 'max-age=0', 'Expires': 'Thu, 20 Apr 2023 23:26:54 GMT'}Response cookies: {}
-----

-----
Test: tests/test_user_edit.py::TestGetUser::test_edit_just_created_user (call)
Start time: 2023-04-21 02:26:55.340733
Requests method: POST
Requests URL: https://playground.learnqa.ru/api_dev/user/
Requests data: {'password': '123', 'username': 'Alex', 'firstName': 'Alex1', 'lastName': 'Alex2', 'email': 'Learnqa04212023022655@example.com'}
Requests headers: {}
Requests cookies: {}

Response code: 200
Response text: {"id":"68923"}
Response headers: {'Date': 'Thu, 20 Apr 2023 23:26:55 GMT', 'Content-Type': 'application/json', 'Content-Length': '14', 'Connection': 'keep-alive', 'Keep-Alive': 'timeout=10', 'Server': 'Apache', 'Cache-Control': 'max-age=0', 'Expires': 'Thu, 20 Apr 2023 23:26:55 GMT'}Response cookies: {}
-----

-----
Test: tests/test_user_edit.py::TestGetUser::test_edit_just_created_user (call)
Start time: 2023-04-21 02:26:55.965197
Requests method: POST
Requests URL: https://playground.learnqa.ru/api_dev/user/login
Requests data: {'email': 'Learnqa04212023022655@example.com', 'password': '123'}
Requests headers: {}
Requests cookies: {}

Response code: 200
Response text: {"user_id":68923}
Response headers: {'Date': 'Thu, 20 Apr 2023 23:26:55 GMT', 'Content-Type': 'application/json', 'Content-Length': '17', 'Connection': 'keep-alive', 'Keep-Alive': 'timeout=10', 'Server': 'Apache', 'Set-Cookie': 'auth_sid=cd28b21656830d5b56708ed0130b071567a41c0f65105d8a36d6060066e93ddf', 'x-csrf-token': '99df2716fda8b6c89d22266f5db195f351c5e61267a41c0f65105d8a36d6060066e93ddf', 'Cache-Control': 'max-age=0', 'Expires': 'Thu, 20 Apr 2023 23:26:55 GMT'}Response cookies: {'auth_sid': 'cd28b21656830d5b56708ed0130b071567a41c0f65105d8a36d6060066e93ddf'}
-----

-----
Test: tests/test_user_edit.py::TestGetUser::test_edit_just_created_user (call)
Start time: 2023-04-21 02:26:56.080251
Requests method: PUT
Requests URL: https://playground.learnqa.ru/api_dev/user/68923
Requests data: {'firstName': 'changed name'}
Requests headers: {'x-csrf-token': '99df2716fda8b6c89d22266f5db195f351c5e61267a41c0f65105d8a36d6060066e93ddf'}
Requests cookies: {'auth_sid': 'cd28b21656830d5b56708ed0130b071567a41c0f65105d8a36d6060066e93ddf'}

Response code: 200
Response text: 
Response headers: {'Date': 'Thu, 20 Apr 2023 23:26:56 GMT', 'Content-Type': 'text/html; charset=utf-8', 'Content-Length': '0', 'Connection': 'keep-alive', 'Keep-Alive': 'timeout=10', 'Server': 'Apache', 'Cache-Control': 'max-age=0', 'Expires': 'Thu, 20 Apr 2023 23:26:55 GMT'}Response cookies: {}
-----

-----
Test: tests/test_user_edit.py::TestGetUser::test_edit_just_created_user (call)
Start time: 2023-04-21 02:26:56.741464
Requests method: GET
Requests URL: https://playground.learnqa.ru/api_dev/user/68923
Requests data: None
Requests headers: {'x-csrf-token': '99df2716fda8b6c89d22266f5db195f351c5e61267a41c0f65105d8a36d6060066e93ddf'}
Requests cookies: {'auth_sid': 'cd28b21656830d5b56708ed0130b071567a41c0f65105d8a36d6060066e93ddf'}

Response code: 200
Response text: {"id":"68923","username":"Alex","email":"Learnqa04212023022655@example.com","firstName":"changed name","lastName":"Alex2"}
Response headers: {'Date': 'Thu, 20 Apr 2023 23:26:56 GMT', 'Content-Type': 'application/json', 'Transfer-Encoding': 'chunked', 'Connection': 'keep-alive', 'Keep-Alive': 'timeout=10', 'Vary': 'Accept-Encoding', 'Server': 'Apache', 'Cache-Control': 'max-age=0', 'Expires': 'Thu, 20 Apr 2023 23:26:56 GMT', 'Content-Encoding': 'gzip'}Response cookies: {}
-----
